#
# There is insufficient memory for the Java Runtime Environment to continue.
# Native memory allocation (mmap) failed to map 65536 bytes. Error detail: Failed to commit metaspace.
# Possible reasons:
#   The system is out of physical RAM or swap space
#   This process is running with CompressedOops enabled, and the Java Heap may be blocking the growth of the native heap
# Possible solutions:
#   Reduce memory load on the system
#   Increase physical memory or swap space
#   Check if swap backing store is full
#   Decrease Java heap size (-Xmx/-Xms)
#   Decrease number of Java threads
#   Decrease Java thread stack sizes (-Xss)
#   Set larger code cache with -XX:ReservedCodeCacheSize=
#   JVM is running with Unscaled Compressed Oops mode in which the Java heap is
#     placed in the first 4GB address space. The Java Heap base address is the
#     maximum limit for the native heap growth. Please use -XX:HeapBaseMinAddress
#     to set the Java Heap base and to place the Java Heap above 4GB virtual address.
# This output file may be truncated or incomplete.
#
#  Out of Memory Error (virtualSpaceNode.cpp:113), pid=15864, tid=15236
#
# JRE version: OpenJDK Runtime Environment Temurin-21.0.9+10 (21.0.9+10) (build 21.0.9+10-LTS)
# Java VM: OpenJDK 64-Bit Server VM Temurin-21.0.9+10 (21.0.9+10-LTS, mixed mode, sharing, tiered, compressed oops, compressed class ptrs, parallel gc, windows-amd64)
# No core dump will be written. Minidumps are not enabled by default on client versions of Windows
#

---------------  S U M M A R Y ------------

Command Line: --add-modules=ALL-SYSTEM --add-opens=java.base/java.util=ALL-UNNAMED --add-opens=java.base/java.lang=ALL-UNNAMED --add-opens=java.base/sun.nio.fs=ALL-UNNAMED -Declipse.application=org.eclipse.jdt.ls.core.id1 -Dosgi.bundles.defaultStartLevel=4 -Declipse.product=org.eclipse.jdt.ls.core.product -Djava.import.generatesMetadataFilesAtProjectRoot=false -DDetectVMInstallationsJob.disabled=true -Dfile.encoding=utf8 -XX:+UseParallelGC -XX:GCTimeRatio=4 -XX:AdaptiveSizePolicyWeight=90 -Dsun.zip.disableMemoryMapping=true -Xmx2G -Xms100m -Xlog:disable -javaagent:c:\Users\my\.vscode\extensions\redhat.java-1.50.0-win32-x64\lombok\lombok-1.18.39-4050.jar c:\Users\my\.vscode\extensions\redhat.java-1.50.0-win32-x64\server\plugins\org.eclipse.equinox.launcher_1.7.100.v20251111-0406.jar -configuration c:\Users\my\AppData\Roaming\Code\User\globalStorage\redhat.java\1.50.0\config_ss_win -data c:\Users\my\AppData\Roaming\Code\User\workspaceStorage\7d98fb8db05a46f386a599080677d53d\redhat.java\ss_ws --pipe=\\.\pipe\lsp-202c3add8d3a7889dbf58705b45301ff-sock

Host: Intel(R) Core(TM) i3-7020U CPU @ 2.30GHz, 4 cores, 3G,  Windows 10 , 64 bit Build 19041 (10.0.19041.5915)
Time: Thu Nov 27 16:35:59 2025 India Standard Time elapsed time: 4.547135 seconds (0d 0h 0m 4s)

---------------  T H R E A D  ---------------

Current thread (0x000001d8070260e0):  JavaThread "main"             [_thread_in_vm, id=15236, stack(0x000000bcf9900000,0x000000bcf9a00000) (1024K)]

Stack: [0x000000bcf9900000,0x000000bcf9a00000]
Native frames: (J=compiled Java code, j=interpreted, Vv=VM code, C=native code)
V  [jvm.dll+0x6d6e29]
V  [jvm.dll+0x8b4b76]
V  [jvm.dll+0x8b712e]
V  [jvm.dll+0x8b7813]
V  [jvm.dll+0x283d86]
V  [jvm.dll+0x8b08be]
V  [jvm.dll+0x678824]
V  [jvm.dll+0x67888a]
V  [jvm.dll+0x67b086]
V  [jvm.dll+0x67af52]
V  [jvm.dll+0x6791fe]
V  [jvm.dll+0x26e141]
V  [jvm.dll+0x21942e]
V  [jvm.dll+0x219825]
V  [jvm.dll+0x21a218]
V  [jvm.dll+0x20f44e]
V  [jvm.dll+0x5b5a0f]
V  [jvm.dll+0x2210ce]
V  [jvm.dll+0x82d53d]
V  [jvm.dll+0x82e56b]
V  [jvm.dll+0x82eb34]
V  [jvm.dll+0x82e7c8]
V  [jvm.dll+0x2716ad]
V  [jvm.dll+0x2718ea]
V  [jvm.dll+0x5d8be7]
V  [jvm.dll+0x5dbbd6]
V  [jvm.dll+0x3e03f2]
V  [jvm.dll+0x3dfaaa]
C  0x000001d811778080

The last pc belongs to invokestatic (printed below).
Java frames: (J=compiled Java code, j=interpreted, Vv=VM code)
j  sun.security.util.DisabledAlgorithmConstraints$KeySizeConstraint.permitsImpl(Ljava/security/Key;)Z+19 java.base@21.0.9
j  sun.security.util.DisabledAlgorithmConstraints$KeySizeConstraint.permits(Lsun/security/util/ConstraintsParameters;)V+33 java.base@21.0.9
j  sun.security.util.DisabledAlgorithmConstraints$Constraints.permits(Ljava/lang/String;Lsun/security/util/ConstraintsParameters;Z)V+234 java.base@21.0.9
j  sun.security.util.DisabledAlgorithmConstraints.permits(Ljava/lang/String;Lsun/security/util/ConstraintsParameters;Z)V+129 java.base@21.0.9
j  sun.security.util.DisabledAlgorithmConstraints.permits(Ljava/lang/String;Ljava/security/AlgorithmParameters;Lsun/security/util/ConstraintsParameters;Z)V+5 java.base@21.0.9
j  sun.security.pkcs.SignerInfo.verifyAlgorithms([Lsun/security/pkcs/SignerInfo;Lsun/security/util/JarConstraintsParameters;Ljava/lang/String;)Ljava/util/Set;+147 java.base@21.0.9
j  sun.security.util.SignatureFileVerifier.processImpl(Ljava/util/Hashtable;Ljava/util/List;Ljava/lang/String;)V+161 java.base@21.0.9
j  sun.security.util.SignatureFileVerifier.process(Ljava/util/Hashtable;Ljava/util/List;Ljava/lang/String;)V+12 java.base@21.0.9
j  java.util.jar.JarVerifier.processEntry(Lsun/security/util/ManifestEntryVerifier;)V+397 java.base@21.0.9
j  java.util.jar.JarVerifier.update(I[BIILsun/security/util/ManifestEntryVerifier;)V+39 java.base@21.0.9
j  java.util.jar.JarFile.initializeVerifier()V+164 java.base@21.0.9
j  java.util.jar.JarFile.ensureInitialization()V+36 java.base@21.0.9
j  java.util.jar.JavaUtilJarAccessImpl.ensureInitialization(Ljava/util/jar/JarFile;)V+1 java.base@21.0.9
j  jdk.internal.loader.URLClassPath$JarLoader$2.getManifest()Ljava/util/jar/Manifest;+10 java.base@21.0.9
j  jdk.internal.loader.BuiltinClassLoader.defineClass(Ljava/lang/String;Ljdk/internal/loader/Resource;)Ljava/lang/Class;+29 java.base@21.0.9
j  jdk.internal.loader.BuiltinClassLoader.findClassOnClassPathOrNull(Ljava/lang/String;)Ljava/lang/Class;+37 java.base@21.0.9
j  jdk.internal.loader.BuiltinClassLoader.loadClassOrNull(Ljava/lang/String;Z)Ljava/lang/Class;+111 java.base@21.0.9
j  jdk.internal.loader.BuiltinClassLoader.loadClass(Ljava/lang/String;Z)Ljava/lang/Class;+3 java.base@21.0.9
j  jdk.internal.loader.ClassLoaders$AppClassLoader.loadClass(Ljava/lang/String;Z)Ljava/lang/Class;+36 java.base@21.0.9
j  java.lang.ClassLoader.loadClass(Ljava/lang/String;)Ljava/lang/Class;+3 java.base@21.0.9
v  ~StubRoutines::call_stub 0x000001d81176100d
j  java.lang.Class.forName0(Ljava/lang/String;ZLjava/lang/ClassLoader;Ljava/lang/Class;)Ljava/lang/Class;+0 java.base@21.0.9
j  java.lang.Class.forName(Ljava/lang/String;ZLjava/lang/ClassLoader;Ljava/lang/Class;)Ljava/lang/Class;+37 java.base@21.0.9
j  java.lang.Class.forName(Ljava/lang/String;ZLjava/lang/ClassLoader;)Ljava/lang/Class;+20 java.base@21.0.9
j  sun.launcher.LauncherHelper.loadMainClass(ILjava/lang/String;)Ljava/lang/Class;+95 java.base@21.0.9
j  sun.launcher.LauncherHelper.checkAndLoadMain(ZILjava/lang/String;)Ljava/lang/Class;+42 java.base@21.0.9
v  ~StubRoutines::call_stub 0x000001d81176100d
invokestatic  184 invokestatic  [0x000001d811777fe0, 0x000001d8117782a8]  712 bytes
[MachCode]
  0x000001d811777fe0: 4883 ec08 | c5fa 1104 | 24eb 1f48 | 83ec 10c5 | fb11 0424 | eb14 4883 | ec10 4889 | 0424 48c7 
  0x000001d811778000: 4424 0800 | 0000 00eb | 0150 4c89 | 6dc0 410f | b755 0148 | 8b4d d0c1 | e202 8b5c | d138 c1eb 
  0x000001d811778020: 1081 e3ff | 0000 0081 | fbb8 0000 | 000f 84b4 | 0000 00bb | b800 0000 | e805 0000 | 00e9 9900 
  0x000001d811778040: 0000 488b | d348 8d44 | 2408 4c89 | 6dc0 498b | cfc5 f877 | 4989 afa8 | 0300 0049 | 8987 9803 
  0x000001d811778060: 0000 4883 | ec20 40f6 | c40f 0f84 | 1900 0000 | 4883 ec08 | 48b8 40fa | 6014 f87f | 0000 ffd0 
  0x000001d811778080: 4883 c408 | e90c 0000 | 0048 b840 | fa60 14f8 | 7f00 00ff | d048 83c4 | 2049 c787 | 9803 0000 
  0x000001d8117780a0: 0000 0000 | 49c7 87a8 | 0300 0000 | 0000 0049 | c787 a003 | 0000 0000 | 0000 c5f8 | 7749 837f 
  0x000001d8117780c0: 0800 0f84 | 0500 0000 | e933 8efe | ff4c 8b6d | c04c 8b75 | c84e 8d74 | f500 c341 | 0fb7 5501 
  0x000001d8117780e0: 488b 4dd0 | c1e2 0248 | 8b5c d140 | 488b 5b08 | 488b 5b08 | 488b 5b18 | 80bb 3101 | 0000 040f 
  0x000001d811778100: 840d 0000 | 004c 3bbb | 3801 0000 | 0f85 21ff | ffff 488b | 5cd1 408b | 54d1 50c1 | ea1c 49ba 
  0x000001d811778120: 40d4 ef14 | f87f 0000 | 498b 14d2 | 5248 8b45 | d848 85c0 | 0f84 1200 | 0000 4883 | 4008 0148 
  0x000001d811778140: 8358 0800 | 4883 c010 | 4889 45d8 | 488b 45d8 | 4885 c00f | 843d 0100 | 0080 78f0 | 0a0f 8533 
  0x000001d811778160: 0100 0048 | 83c0 084c | 8b68 f841 | 83ed 0041 | 83fd 020f | 8c12 0100 | 004c 8b6b | 0845 0fb7 
  0x000001d811778180: 6d2e 4c2b | 2841 83ed | 014e 8b6c | ec08 4d85 | ed75 0ef6 | 4008 0175 | 58f0 4883 | 4808 01eb 
  0x000001d8117781a0: 5045 8b6d | 0849 ba00 | 0000 1ed8 | 0100 004d | 03ea 4d8b | d54c 3368 | 0849 f7c5 | fcff ffff 
  0x000001d8117781c0: 742f 41f6 | c502 7529 | 4883 7808 | 0074 1e48 | 8378 0801 | 7417 4d8b | ea4c 3368 | 0849 f7c5 
  0x000001d8117781e0: fcff ffff | 740b 4883 | 4808 02eb | 044c 8968 | 0848 83c0 | 104c 8b68 | e841 83ed | 0241 83fd 
  0x000001d811778200: 020f 8c84 | 0000 004c | 8b6b 0845 | 0fb7 6d2e | 4c2b 2841 | 83ed 014e | 8b6c ec08 | 4d85 ed75 
  0x000001d811778220: 0ef6 4008 | 0175 58f0 | 4883 4808 | 01eb 5045 | 8b6d 0849 | ba00 0000 | 1ed8 0100 | 004d 03ea 
  0x000001d811778240: 4d8b d54c | 3368 0849 | f7c5 fcff | ffff 742f | 41f6 c502 | 7529 4883 | 7808 0074 | 1e48 8378 
  0x000001d811778260: 0801 7417 | 4d8b ea4c | 3368 0849 | f7c5 fcff | ffff 740b | 4883 4808 | 02eb 044c | 8968 0848 
  0x000001d811778280: 83c0 104c | 8b68 d841 | 83ed 0441 | c1e5 0349 | 03c5 4889 | 45d8 4c8d | 6c24 084c | 896d f0ff 
  0x000001d8117782a0: 6350 660f | 1f44 0000 
[/MachCode]

---------------  P R O C E S S  ---------------

Threads class SMR info:
_java_thread_list=0x000001d85fa3f570, length=11, elements={
0x000001d8070260e0, 0x000001d81da0daf0, 0x000001d81da0f130, 0x000001d81da17b10,
0x000001d81da18760, 0x000001d81da1b1c0, 0x000001d81da1bc10, 0x000001d81da1ca40,
0x000001d81da4ca50, 0x000001d85f900210, 0x000001d85fa448b0
}

Java Threads: ( => current thread )
=>0x000001d8070260e0 JavaThread "main"                              [_thread_in_vm, id=15236, stack(0x000000bcf9900000,0x000000bcf9a00000) (1024K)]
  0x000001d81da0daf0 JavaThread "Reference Handler"          daemon [_thread_blocked, id=15828, stack(0x000000bcf9d00000,0x000000bcf9e00000) (1024K)]
  0x000001d81da0f130 JavaThread "Finalizer"                  daemon [_thread_blocked, id=17076, stack(0x000000bcf9e00000,0x000000bcf9f00000) (1024K)]
  0x000001d81da17b10 JavaThread "Signal Dispatcher"          daemon [_thread_blocked, id=9744, stack(0x000000bcf9f00000,0x000000bcfa000000) (1024K)]
  0x000001d81da18760 JavaThread "Attach Listener"            daemon [_thread_blocked, id=19608, stack(0x000000bcfa000000,0x000000bcfa100000) (1024K)]
  0x000001d81da1b1c0 JavaThread "Service Thread"             daemon [_thread_blocked, id=14268, stack(0x000000bcfa100000,0x000000bcfa200000) (1024K)]
  0x000001d81da1bc10 JavaThread "Monitor Deflation Thread"   daemon [_thread_blocked, id=18280, stack(0x000000bcfa200000,0x000000bcfa300000) (1024K)]
  0x000001d81da1ca40 JavaThread "C2 CompilerThread0"         daemon [_thread_blocked, id=20612, stack(0x000000bcfa300000,0x000000bcfa400000) (1024K)]
  0x000001d81da4ca50 JavaThread "C1 CompilerThread0"         daemon [_thread_blocked, id=16056, stack(0x000000bcfa400000,0x000000bcfa500000) (1024K)]
  0x000001d85f900210 JavaThread "Common-Cleaner"             daemon [_thread_blocked, id=4224, stack(0x000000bcfa500000,0x000000bcfa600000) (1024K)]
  0x000001d85fa448b0 JavaThread "Notification Thread"        daemon [_thread_blocked, id=17520, stack(0x000000bcfa600000,0x000000bcfa700000) (1024K)]
Total: 11

Other Threads:
  0x000001d8070e4ef0 VMThread "VM Thread"                           [id=16728, stack(0x000000bcf9c00000,0x000000bcf9d00000) (1024K)] _threads_hazard_ptr=0x000001d85fa3f570
  0x000001d807091570 WatcherThread "VM Periodic Task Thread"        [id=16424, stack(0x000000bcf9b00000,0x000000bcf9c00000) (1024K)]
  0x000001d807044cb0 WorkerThread "GC Thread#0"                     [id=20812, stack(0x000000bcf9a00000,0x000000bcf9b00000) (1024K)]
Total: 3

Threads with active compile tasks:
Total: 0

VM state: synchronizing (normal execution)

VM Mutex/Monitor currently owned by a thread:  ([mutex/lock_event])
[0x00007ff814eeb4f0] Metaspace_lock - owner thread: 0x000001d8070260e0
[0x00007ff814eed570] Threads_lock - owner thread: 0x000001d8070e4ef0

Heap address: 0x0000000080000000, size: 2048 MB, Compressed Oops mode: 32-bit

CDS archive(s) mapped at: [0x000001d81e000000-0x000001d81eba0000-0x000001d81eba0000), size 12189696, SharedBaseAddress: 0x000001d81e000000, ArchiveRelocationMode: 1.
Compressed class space mapped at: 0x000001d81f000000-0x000001d85f000000, reserved size: 1073741824
Narrow klass base: 0x000001d81e000000, Narrow klass shift: 0, Narrow klass range: 0x100000000

GC Precious Log:
 CardTable entry size: 512
 CPUs: 4 total, 4 available
 Memory: 3928M
 Large Page Support: Disabled
 NUMA Support: Disabled
 Compressed Oops: Enabled (32-bit)
 Alignments: Space 512K, Generation 512K, Heap 2M
 Heap Min Capacity: 100M
 Heap Initial Capacity: 100M
 Heap Max Capacity: 2G
 Pre-touch: Disabled
 Parallel Workers: 4

Heap:
 PSYoungGen      total 29696K, used 14879K [0x00000000d5580000, 0x00000000d7680000, 0x0000000100000000)
  eden space 25600K, 58% used [0x00000000d5580000,0x00000000d6407f98,0x00000000d6e80000)
  from space 4096K, 0% used [0x00000000d7280000,0x00000000d7280000,0x00000000d7680000)
  to   space 4096K, 0% used [0x00000000d6e80000,0x00000000d6e80000,0x00000000d7280000)
 ParOldGen       total 68608K, used 0K [0x0000000080000000, 0x0000000084300000, 0x00000000d5580000)
  object space 68608K, 0% used [0x0000000080000000,0x0000000080000000,0x0000000084300000)
 Metaspace       used 2846K, committed 3008K, reserved 1114112K
  class space    used 294K, committed 384K, reserved 1048576K

Card table byte_map: [0x000001d8069f0000,0x000001d806e00000] _byte_map_base: 0x000001d8065f0000

Marking Bits: (ParMarkBitMap*) 0x00007ff814ef2460
 Begin Bits: [0x000001d8194e0000, 0x000001d81b4e0000)
 End Bits:   [0x000001d81b4e0000, 0x000001d81d4e0000)

Polling page: 0x000001d8050c0000

Metaspace:

Usage:
  Non-class:      2.49 MB used.
      Class:    294.74 KB used.
       Both:      2.78 MB used.

Virtual space:
  Non-class space:       64.00 MB reserved,       2.56 MB (  4%) committed,  1 nodes.
      Class space:        1.00 GB reserved,     384.00 KB ( <1%) committed,  1 nodes.
             Both:        1.06 GB reserved,       2.94 MB ( <1%) committed. 

Chunk freelists:
   Non-Class:  11.65 MB
       Class:  15.67 MB
        Both:  27.32 MB

MaxMetaspaceSize: unlimited
CompressedClassSpaceSize: 1.00 GB
Initial GC threshold: 21.00 MB
Current GC threshold: 21.00 MB
CDS: on
 - commit_granule_bytes: 65536.
 - commit_granule_words: 8192.
 - virtual_space_node_default_size: 8388608.
 - enlarge_chunks_in_place: 1.
 - use_allocation_guard: 0.


Internal statistics:

num_allocs_failed_limit: 0.
num_arena_births: 82.
num_arena_deaths: 0.
num_vsnodes_births: 2.
num_vsnodes_deaths: 0.
num_space_committed: 47.
num_space_uncommitted: 0.
num_chunks_returned_to_freelist: 0.
num_chunks_taken_from_freelist: 104.
num_chunk_merges: 0.
num_chunk_splits: 73.
num_chunks_enlarged: 47.
num_inconsistent_stats: 0.

CodeHeap 'non-profiled nmethods': size=120000Kb used=277Kb max_used=277Kb free=119722Kb
 bounds [0x000001d811d00000, 0x000001d811f70000, 0x000001d819230000]
CodeHeap 'profiled nmethods': size=120000Kb used=1095Kb max_used=1095Kb free=118904Kb
 bounds [0x000001d80a230000, 0x000001d80a4a0000, 0x000001d811760000]
CodeHeap 'non-nmethods': size=5760Kb used=1182Kb max_used=1201Kb free=4577Kb
 bounds [0x000001d811760000, 0x000001d8119d0000, 0x000001d811d00000]
CodeCache: size=245760Kb, used=2554Kb, max_used=2573Kb, free=243203Kb
 total_blobs=1167, nmethods=727, adapters=347, full_count=0
Compilation: enabled, stopped_count=0, restarted_count=0

Compilation events (20 events):
Event: 4.522 Thread 0x000001d81da4ca50 nmethod 715 0x000001d80a335c10 code [0x000001d80a335f40, 0x000001d80a337750]
Event: 4.522 Thread 0x000001d81da4ca50  716       3       java.lang.invoke.VarHandleByteArrayAsInts$ArrayHandle::get (36 bytes)
Event: 4.523 Thread 0x000001d81da1ca40  722       4       java.math.BigInteger::implMulAdd (81 bytes)
Event: 4.523 Thread 0x000001d81da4ca50 nmethod 716 0x000001d80a337e90 code [0x000001d80a338060, 0x000001d80a338438]
Event: 4.523 Thread 0x000001d81da4ca50  719       3       java.lang.invoke.VarHandle::checkAccessModeThenIsDirect (29 bytes)
Event: 4.524 Thread 0x000001d81da4ca50 nmethod 719 0x000001d80a338610 code [0x000001d80a338820, 0x000001d80a339088]
Event: 4.524 Thread 0x000001d81da4ca50  717       3       java.lang.invoke.VarForm::getMemberName (31 bytes)
Event: 4.524 Thread 0x000001d81da4ca50 nmethod 717 0x000001d80a339390 code [0x000001d80a339560, 0x000001d80a3397f0]
Event: 4.524 Thread 0x000001d81da4ca50  718       3       java.lang.invoke.VarHandleByteArrayAsInts$ArrayHandle::index (12 bytes)
Event: 4.524 Thread 0x000001d81da4ca50 nmethod 718 0x000001d80a339910 code [0x000001d80a339ac0, 0x000001d80a339c08]
Event: 4.524 Thread 0x000001d81da4ca50  720       3       java.lang.invoke.VarHandle::accessModeType (41 bytes)
Event: 4.525 Thread 0x000001d81da4ca50 nmethod 720 0x000001d80a339d10 code [0x000001d80a339f00, 0x000001d80a33a630]
Event: 4.526 Thread 0x000001d81da1ca40 nmethod 722 0x000001d811d44410 code [0x000001d811d445a0, 0x000001d811d44718]
Event: 4.527 Thread 0x000001d81da1ca40  723       4       java.math.BigInteger::mulAdd (19 bytes)
Event: 4.530 Thread 0x000001d81da1ca40 nmethod 723 0x000001d811d44890 code [0x000001d811d44a20, 0x000001d811d44be0]
Event: 4.530 Thread 0x000001d81da1ca40  725       4       java.math.BigInteger::implMulAddCheck (176 bytes)
Event: 4.532 Thread 0x000001d81da1ca40 nmethod 725 0x000001d811d44d90 code [0x000001d811d44f20, 0x000001d811d45060]
Event: 4.532 Thread 0x000001d81da1ca40  724       4       java.math.BigInteger::addOne (77 bytes)
Event: 4.535 Thread 0x000001d81da1ca40 nmethod 724 0x000001d811d45190 code [0x000001d811d45320, 0x000001d811d454a0]
Event: 4.537 Thread 0x000001d81da4ca50  726   !   3       java.lang.String::<init> (890 bytes)

GC Heap History (0 events):
No events

Dll operation events (8 events):
Event: 1.429 Loaded shared library c:\Users\my\.vscode\extensions\redhat.java-1.50.0-win32-x64\jre\21.0.9-win32-x86_64\bin\java.dll
Event: 2.009 Loaded shared library c:\Users\my\.vscode\extensions\redhat.java-1.50.0-win32-x64\jre\21.0.9-win32-x86_64\bin\zip.dll
Event: 2.275 Loaded shared library C:\Users\my\.vscode\extensions\redhat.java-1.50.0-win32-x64\jre\21.0.9-win32-x86_64\bin\instrument.dll
Event: 2.291 Loaded shared library C:\Users\my\.vscode\extensions\redhat.java-1.50.0-win32-x64\jre\21.0.9-win32-x86_64\bin\net.dll
Event: 2.336 Loaded shared library C:\Users\my\.vscode\extensions\redhat.java-1.50.0-win32-x64\jre\21.0.9-win32-x86_64\bin\nio.dll
Event: 2.346 Loaded shared library C:\Users\my\.vscode\extensions\redhat.java-1.50.0-win32-x64\jre\21.0.9-win32-x86_64\bin\zip.dll
Event: 2.416 Loaded shared library C:\Users\my\.vscode\extensions\redhat.java-1.50.0-win32-x64\jre\21.0.9-win32-x86_64\bin\jimage.dll
Event: 2.917 Loaded shared library c:\Users\my\.vscode\extensions\redhat.java-1.50.0-win32-x64\jre\21.0.9-win32-x86_64\bin\verify.dll

Deoptimization events (20 events):
Event: 4.467 Thread 0x000001d8070260e0 DEOPT PACKING pc=0x000001d80a32e904 sp=0x000000bcf99fd780
Event: 4.467 Thread 0x000001d8070260e0 DEOPT UNPACKING pc=0x000001d8117b4242 sp=0x000000bcf99fcbd8 mode 0
Event: 4.467 Thread 0x000001d8070260e0 DEOPT PACKING pc=0x000001d80a32e904 sp=0x000000bcf99fd780
Event: 4.467 Thread 0x000001d8070260e0 DEOPT UNPACKING pc=0x000001d8117b4242 sp=0x000000bcf99fcbd8 mode 0
Event: 4.468 Thread 0x000001d8070260e0 DEOPT PACKING pc=0x000001d80a32e904 sp=0x000000bcf99fd700
Event: 4.469 Thread 0x000001d8070260e0 DEOPT UNPACKING pc=0x000001d8117b4242 sp=0x000000bcf99fcb58 mode 0
Event: 4.469 Thread 0x000001d8070260e0 DEOPT PACKING pc=0x000001d80a32e904 sp=0x000000bcf99fd780
Event: 4.469 Thread 0x000001d8070260e0 DEOPT UNPACKING pc=0x000001d8117b4242 sp=0x000000bcf99fcbd8 mode 0
Event: 4.469 Thread 0x000001d8070260e0 DEOPT PACKING pc=0x000001d80a32e904 sp=0x000000bcf99fd780
Event: 4.469 Thread 0x000001d8070260e0 DEOPT UNPACKING pc=0x000001d8117b4242 sp=0x000000bcf99fcbd8 mode 0
Event: 4.469 Thread 0x000001d8070260e0 DEOPT PACKING pc=0x000001d80a32e904 sp=0x000000bcf99fd700
Event: 4.470 Thread 0x000001d8070260e0 DEOPT UNPACKING pc=0x000001d8117b4242 sp=0x000000bcf99fcb58 mode 0
Event: 4.470 Thread 0x000001d8070260e0 DEOPT PACKING pc=0x000001d80a32e904 sp=0x000000bcf99fd780
Event: 4.470 Thread 0x000001d8070260e0 DEOPT UNPACKING pc=0x000001d8117b4242 sp=0x000000bcf99fcbd8 mode 0
Event: 4.470 Thread 0x000001d8070260e0 DEOPT PACKING pc=0x000001d80a32e904 sp=0x000000bcf99fd780
Event: 4.470 Thread 0x000001d8070260e0 DEOPT UNPACKING pc=0x000001d8117b4242 sp=0x000000bcf99fcbd8 mode 0
Event: 4.522 Thread 0x000001d8070260e0 Uncommon trap: trap_request=0xffffff6e fr.pc=0x000001d811d43cac relative=0x000000000000020c
Event: 4.522 Thread 0x000001d8070260e0 Uncommon trap: reason=loop_limit_check action=maybe_recompile pc=0x000001d811d43cac method=java.math.BigInteger.implMulAdd([I[IIII)I @ 26 c2
Event: 4.522 Thread 0x000001d8070260e0 DEOPT PACKING pc=0x000001d811d43cac sp=0x000000bcf99fd960
Event: 4.522 Thread 0x000001d8070260e0 DEOPT UNPACKING pc=0x000001d8117b3aa2 sp=0x000000bcf99fd8b0 mode 2

Classes loaded (20 events):
Event: 4.438 Loading class java/math/MutableBigInteger done
Event: 4.484 Loading class sun/security/provider/certpath/X509CertPath
Event: 4.485 Loading class java/security/cert/CertPath
Event: 4.485 Loading class java/security/cert/CertPath done
Event: 4.485 Loading class sun/security/provider/certpath/X509CertPath done
Event: 4.485 Loading class sun/security/timestamp/TimestampToken
Event: 4.486 Loading class sun/security/timestamp/TimestampToken done
Event: 4.499 Loading class java/security/Timestamp
Event: 4.511 Loading class java/security/Timestamp done
Event: 4.538 Loading class java/security/CodeSigner
Event: 4.538 Loading class java/security/CodeSigner done
Event: 4.538 Loading class sun/security/util/JarConstraintsParameters
Event: 4.538 Loading class sun/security/util/ConstraintsParameters
Event: 4.538 Loading class sun/security/util/ConstraintsParameters done
Event: 4.539 Loading class sun/security/util/JarConstraintsParameters done
Event: 4.539 Loading class java/security/interfaces/ECKey
Event: 4.539 Loading class java/security/interfaces/ECKey done
Event: 4.540 Loading class java/security/interfaces/XECKey
Event: 4.540 Loading class java/security/interfaces/XECKey done
Event: 4.540 Loading class sun/security/util/KeyUtil

Classes unloaded (0 events):
No events

Classes redefined (0 events):
No events

Internal exceptions (12 events):
Event: 1.908 Thread 0x000001d8070260e0 Exception <a 'java/lang/NoSuchMethodError'{0x00000000d57a8e90}: 'void java.lang.invoke.DirectMethodHandle$Holder.invokeStatic(java.lang.Object, java.lang.Object, java.lang.Object)'> (0x00000000d57a8e90) 
thrown [s\src\hotspot\share\interpreter\linkResolver.cpp, line 773]
Event: 2.388 Thread 0x000001d8070260e0 Exception <a 'java/lang/NoSuchMethodError'{0x00000000d5911b88}: 'java.lang.Object java.lang.invoke.Invokers$Holder.invokeExact_MT(java.lang.Object, java.lang.Object, java.lang.Object, java.lang.Object, java.lang.Object)'> (0x00000000d5911b88) 
thrown [s\src\hotspot\share\interpreter\linkResolver.cpp, line 773]
Event: 2.673 Thread 0x000001d8070260e0 Exception <a 'java/lang/NoSuchMethodError'{0x00000000d59ca5a8}: 'int java.lang.invoke.DirectMethodHandle$Holder.invokeSpecial(java.lang.Object, java.lang.Object, java.lang.Object, int)'> (0x00000000d59ca5a8) 
thrown [s\src\hotspot\share\interpreter\linkResolver.cpp, line 773]
Event: 2.684 Thread 0x000001d8070260e0 Exception <a 'java/lang/NoSuchMethodError'{0x00000000d59dcf90}: 'java.lang.Object java.lang.invoke.DirectMethodHandle$Holder.invokeStatic(java.lang.Object, java.lang.Object, java.lang.Object, java.lang.Object, int)'> (0x00000000d59dcf90) 
thrown [s\src\hotspot\share\interpreter\linkResolver.cpp, line 773]
Event: 2.691 Thread 0x000001d8070260e0 Exception <a 'java/lang/NoSuchMethodError'{0x00000000d59e8438}: 'void java.lang.invoke.DelegatingMethodHandle$Holder.reinvoke_L(java.lang.Object, java.lang.Object, java.lang.Object, int, java.lang.Object)'> (0x00000000d59e8438) 
thrown [s\src\hotspot\share\interpreter\linkResolver.cpp, line 773]
Event: 2.702 Thread 0x000001d8070260e0 Exception <a 'java/lang/NoSuchMethodError'{0x00000000d59f8f30}: 'int java.lang.invoke.DirectMethodHandle$Holder.invokeSpecial(java.lang.Object, java.lang.Object, java.lang.Object)'> (0x00000000d59f8f30) 
thrown [s\src\hotspot\share\interpreter\linkResolver.cpp, line 773]
Event: 2.710 Thread 0x000001d8070260e0 Exception <a 'java/lang/NoSuchMethodError'{0x00000000d5a04bf0}: 'java.lang.Object java.lang.invoke.DirectMethodHandle$Holder.invokeStatic(java.lang.Object, java.lang.Object, int)'> (0x00000000d5a04bf0) 
thrown [s\src\hotspot\share\interpreter\linkResolver.cpp, line 773]
Event: 2.713 Thread 0x000001d8070260e0 Exception <a 'java/lang/NoSuchMethodError'{0x00000000d5a09540}: 'void java.lang.invoke.DirectMethodHandle$Holder.invokeStatic(java.lang.Object, java.lang.Object, int, java.lang.Object)'> (0x00000000d5a09540) 
thrown [s\src\hotspot\share\interpreter\linkResolver.cpp, line 773]
Event: 2.715 Thread 0x000001d8070260e0 Exception <a 'java/lang/NoSuchMethodError'{0x00000000d5a0d0d0}: 'void java.lang.invoke.DirectMethodHandle$Holder.invokeSpecial(java.lang.Object, java.lang.Object, java.lang.Object, int, java.lang.Object)'> (0x00000000d5a0d0d0) 
thrown [s\src\hotspot\share\interpreter\linkResolver.cpp, line 773]
Event: 2.716 Thread 0x000001d8070260e0 Exception <a 'java/lang/NoSuchMethodError'{0x00000000d5a10540}: 'void java.lang.invoke.DelegatingMethodHandle$Holder.delegate(java.lang.Object, java.lang.Object, int, java.lang.Object)'> (0x00000000d5a10540) 
thrown [s\src\hotspot\share\interpreter\linkResolver.cpp, line 773]
Event: 3.117 Thread 0x000001d8070260e0 Exception <a 'java/lang/NoSuchMethodError'{0x00000000d5bcf250}: 'void java.lang.invoke.DelegatingMethodHandle$Holder.reinvoke_L(java.lang.Object, java.lang.Object, java.lang.Object, int)'> (0x00000000d5bcf250) 
thrown [s\src\hotspot\share\interpreter\linkResolver.cpp, line 773]
Event: 3.910 Thread 0x000001d8070260e0 Exception <a 'java/lang/NoSuchMethodError'{0x00000000d605aae0}: 'void java.lang.invoke.DirectMethodHandle$Holder.invokeVirtual(java.lang.Object, java.lang.Object)'> (0x00000000d605aae0) 
thrown [s\src\hotspot\share\interpreter\linkResolver.cpp, line 773]

ZGC Phase Switch (0 events):
No events

VM Operations (6 events):
Event: 1.928 Executing VM operation: HandshakeAllThreads (Deoptimize)
Event: 1.928 Executing VM operation: HandshakeAllThreads (Deoptimize) done
Event: 2.505 Executing VM operation: HandshakeAllThreads (Deoptimize)
Event: 2.505 Executing VM operation: HandshakeAllThreads (Deoptimize) done
Event: 3.519 Executing VM operation: Cleanup
Event: 3.535 Executing VM operation: Cleanup done

Memory protections (0 events):
No events

Nmethod flushes (0 events):
No events

Events (11 events):
Event: 1.646 Thread 0x000001d8070260e0 Thread added: 0x000001d8070260e0
Event: 1.755 Thread 0x000001d8070260e0 Thread added: 0x000001d81da0daf0
Event: 1.758 Thread 0x000001d8070260e0 Thread added: 0x000001d81da0f130
Event: 1.762 Thread 0x000001d8070260e0 Thread added: 0x000001d81da17b10
Event: 1.762 Thread 0x000001d8070260e0 Thread added: 0x000001d81da18760
Event: 1.762 Thread 0x000001d8070260e0 Thread added: 0x000001d81da1b1c0
Event: 1.763 Thread 0x000001d8070260e0 Thread added: 0x000001d81da1bc10
Event: 1.763 Thread 0x000001d8070260e0 Thread added: 0x000001d81da1ca40
Event: 1.766 Thread 0x000001d8070260e0 Thread added: 0x000001d81da4ca50
Event: 2.282 Thread 0x000001d8070260e0 Thread added: 0x000001d85f900210
Event: 3.566 Thread 0x000001d8070260e0 Thread added: 0x000001d85fa448b0


Dynamic libraries:
0x00007ff608270000 - 0x00007ff60827e000 	c:\Users\my\.vscode\extensions\redhat.java-1.50.0-win32-x64\jre\21.0.9-win32-x86_64\bin\java.exe
0x00007ff8f2950000 - 0x00007ff8f2b48000 	C:\Windows\SYSTEM32\ntdll.dll
0x00007ff8c2640000 - 0x00007ff8c2660000 	C:\Program Files\Avast Software\Avast\aswhook.dll
0x00007ff8f0c10000 - 0x00007ff8f0cd2000 	C:\Windows\System32\KERNEL32.DLL
0x00007ff8f0230000 - 0x00007ff8f0526000 	C:\Windows\System32\KERNELBASE.dll
0x00007ff8f0870000 - 0x00007ff8f0970000 	C:\Windows\System32\ucrtbase.dll
0x00007ff8df800000 - 0x00007ff8df818000 	c:\Users\my\.vscode\extensions\redhat.java-1.50.0-win32-x64\jre\21.0.9-win32-x86_64\bin\jli.dll
0x00007ff8f13a0000 - 0x00007ff8f1541000 	C:\Windows\System32\USER32.dll
0x00007ff8cd6d0000 - 0x00007ff8cd96b000 	C:\Windows\WinSxS\amd64_microsoft.windows.common-controls_6595b64144ccf1df_6.0.19041.6456_none_60b8a6cb71f64256\COMCTL32.dll
0x00007ff8f0200000 - 0x00007ff8f0222000 	C:\Windows\System32\win32u.dll
0x00007ff8f2670000 - 0x00007ff8f270e000 	C:\Windows\System32\msvcrt.dll
0x00007ff8f0be0000 - 0x00007ff8f0c0b000 	C:\Windows\System32\GDI32.dll
0x00007ff8f0090000 - 0x00007ff8f01a9000 	C:\Windows\System32\gdi32full.dll
0x00007ff8f05c0000 - 0x00007ff8f065d000 	C:\Windows\System32\msvcp_win.dll
0x00007ff8df7e0000 - 0x00007ff8df7fe000 	c:\Users\my\.vscode\extensions\redhat.java-1.50.0-win32-x64\jre\21.0.9-win32-x86_64\bin\VCRUNTIME140.dll
0x00007ff8f0ce0000 - 0x00007ff8f0d0f000 	C:\Windows\System32\IMM32.DLL
0x00007ff8ea5c0000 - 0x00007ff8ea5cc000 	c:\Users\my\.vscode\extensions\redhat.java-1.50.0-win32-x64\jre\21.0.9-win32-x86_64\bin\vcruntime140_1.dll
0x00007ff8b8ad0000 - 0x00007ff8b8b5d000 	c:\Users\my\.vscode\extensions\redhat.java-1.50.0-win32-x64\jre\21.0.9-win32-x86_64\bin\msvcp140.dll
0x00007ff814230000 - 0x00007ff814fd0000 	c:\Users\my\.vscode\extensions\redhat.java-1.50.0-win32-x64\jre\21.0.9-win32-x86_64\bin\server\jvm.dll
0x00007ff8f0b20000 - 0x00007ff8f0bd1000 	C:\Windows\System32\ADVAPI32.dll
0x00007ff8f1780000 - 0x00007ff8f181f000 	C:\Windows\System32\sechost.dll
0x00007ff8f0d90000 - 0x00007ff8f0eb0000 	C:\Windows\System32\RPCRT4.dll
0x00007ff8f07c0000 - 0x00007ff8f07e7000 	C:\Windows\System32\bcrypt.dll
0x00007ff8f1710000 - 0x00007ff8f177b000 	C:\Windows\System32\WS2_32.dll
0x00007ff8ef530000 - 0x00007ff8ef57b000 	C:\Windows\SYSTEM32\POWRPROF.dll
0x00007ff8e6e80000 - 0x00007ff8e6e8a000 	C:\Windows\SYSTEM32\VERSION.dll
0x00007ff8b5ce0000 - 0x00007ff8b5d07000 	C:\Windows\SYSTEM32\WINMM.dll
0x00007ff8ef3a0000 - 0x00007ff8ef3b2000 	C:\Windows\SYSTEM32\UMPDC.dll
0x00007ff8ee7b0000 - 0x00007ff8ee7c2000 	C:\Windows\SYSTEM32\kernel.appcore.dll
0x00007ff8ea530000 - 0x00007ff8ea53a000 	c:\Users\my\.vscode\extensions\redhat.java-1.50.0-win32-x64\jre\21.0.9-win32-x86_64\bin\jimage.dll
0x00007ff8ee4b0000 - 0x00007ff8ee6b1000 	C:\Windows\SYSTEM32\DBGHELP.DLL
0x00007ff8e5330000 - 0x00007ff8e5364000 	C:\Windows\SYSTEM32\dbgcore.DLL
0x00007ff8f0530000 - 0x00007ff8f05b2000 	C:\Windows\System32\bcryptPrimitives.dll
0x00007ff8e99a0000 - 0x00007ff8e99af000 	c:\Users\my\.vscode\extensions\redhat.java-1.50.0-win32-x64\jre\21.0.9-win32-x86_64\bin\instrument.dll
0x00007ff8c7b90000 - 0x00007ff8c7bb0000 	c:\Users\my\.vscode\extensions\redhat.java-1.50.0-win32-x64\jre\21.0.9-win32-x86_64\bin\java.dll
0x00007ff8f1890000 - 0x00007ff8f2000000 	C:\Windows\System32\SHELL32.dll
0x00007ff8edc30000 - 0x00007ff8ee3d5000 	C:\Windows\SYSTEM32\windows.storage.dll
0x00007ff8f0eb0000 - 0x00007ff8f1204000 	C:\Windows\System32\combase.dll
0x00007ff8ef930000 - 0x00007ff8ef95b000 	C:\Windows\SYSTEM32\Wldp.dll
0x00007ff8f1550000 - 0x00007ff8f161d000 	C:\Windows\System32\OLEAUT32.dll
0x00007ff8f2860000 - 0x00007ff8f290d000 	C:\Windows\System32\SHCORE.dll
0x00007ff8f16b0000 - 0x00007ff8f170b000 	C:\Windows\System32\shlwapi.dll
0x00007ff8eff10000 - 0x00007ff8eff34000 	C:\Windows\SYSTEM32\profapi.dll
0x00007ff8c1600000 - 0x00007ff8c1618000 	c:\Users\my\.vscode\extensions\redhat.java-1.50.0-win32-x64\jre\21.0.9-win32-x86_64\bin\zip.dll
0x00007ff8e79d0000 - 0x00007ff8e79e0000 	C:\Users\my\.vscode\extensions\redhat.java-1.50.0-win32-x64\jre\21.0.9-win32-x86_64\bin\net.dll
0x00007ff8dfed0000 - 0x00007ff8dffda000 	C:\Windows\SYSTEM32\WINHTTP.dll
0x00007ff8ef710000 - 0x00007ff8ef77a000 	C:\Windows\system32\mswsock.dll
0x00007ff8c15e0000 - 0x00007ff8c15f6000 	C:\Users\my\.vscode\extensions\redhat.java-1.50.0-win32-x64\jre\21.0.9-win32-x86_64\bin\nio.dll
0x00007ff8e7960000 - 0x00007ff8e7970000 	c:\Users\my\.vscode\extensions\redhat.java-1.50.0-win32-x64\jre\21.0.9-win32-x86_64\bin\verify.dll

JVMTI agents:
c:\Users\my\.vscode\extensions\redhat.java-1.50.0-win32-x64\lombok\lombok-1.18.39-4050.jar path:c:\Users\my\.vscode\extensions\redhat.java-1.50.0-win32-x64\jre\21.0.9-win32-x86_64\bin\instrument.dll, loaded, initialized, instrumentlib options:none

dbghelp: loaded successfully - version: 4.0.5 - missing functions: none
symbol engine: initialized successfully - sym options: 0x614 - pdb path: .;c:\Users\my\.vscode\extensions\redhat.java-1.50.0-win32-x64\jre\21.0.9-win32-x86_64\bin;C:\Windows\SYSTEM32;C:\Program Files\Avast Software\Avast;C:\Windows\WinSxS\amd64_microsoft.windows.common-controls_6595b64144ccf1df_6.0.19041.6456_none_60b8a6cb71f64256;c:\Users\my\.vscode\extensions\redhat.java-1.50.0-win32-x64\jre\21.0.9-win32-x86_64\bin\server

VM Arguments:
jvm_args: --add-modules=ALL-SYSTEM --add-opens=java.base/java.util=ALL-UNNAMED --add-opens=java.base/java.lang=ALL-UNNAMED --add-opens=java.base/sun.nio.fs=ALL-UNNAMED -Declipse.application=org.eclipse.jdt.ls.core.id1 -Dosgi.bundles.defaultStartLevel=4 -Declipse.product=org.eclipse.jdt.ls.core.product -Djava.import.generatesMetadataFilesAtProjectRoot=false -DDetectVMInstallationsJob.disabled=true -Dfile.encoding=utf8 -XX:+UseParallelGC -XX:GCTimeRatio=4 -XX:AdaptiveSizePolicyWeight=90 -Dsun.zip.disableMemoryMapping=true -Xmx2G -Xms100m -Xlog:disable -javaagent:c:\Users\my\.vscode\extensions\redhat.java-1.50.0-win32-x64\lombok\lombok-1.18.39-4050.jar 
java_command: c:\Users\my\.vscode\extensions\redhat.java-1.50.0-win32-x64\server\plugins\org.eclipse.equinox.launcher_1.7.100.v20251111-0406.jar -configuration c:\Users\my\AppData\Roaming\Code\User\globalStorage\redhat.java\1.50.0\config_ss_win -data c:\Users\my\AppData\Roaming\Code\User\workspaceStorage\7d98fb8db05a46f386a599080677d53d\redhat.java\ss_ws --pipe=\\.\pipe\lsp-202c3add8d3a7889dbf58705b45301ff-sock
java_class_path (initial): c:\Users\my\.vscode\extensions\redhat.java-1.50.0-win32-x64\server\plugins\org.eclipse.equinox.launcher_1.7.100.v20251111-0406.jar
Launcher Type: SUN_STANDARD

[Global flags]
    uintx AdaptiveSizePolicyWeight                 = 90                                        {product} {command line}
     intx CICompilerCount                          = 3                                         {product} {ergonomic}
    uintx GCTimeRatio                              = 4                                         {product} {command line}
   size_t InitialHeapSize                          = 104857600                                 {product} {command line}
   size_t MaxHeapSize                              = 2147483648                                {product} {command line}
   size_t MaxNewSize                               = 715653120                                 {product} {ergonomic}
   size_t MinHeapDeltaBytes                        = 524288                                    {product} {ergonomic}
   size_t MinHeapSize                              = 104857600                                 {product} {command line}
   size_t NewSize                                  = 34603008                                  {product} {ergonomic}
    uintx NonNMethodCodeHeapSize                   = 5832780                                {pd product} {ergonomic}
    uintx NonProfiledCodeHeapSize                  = 122912730                              {pd product} {ergonomic}
   size_t OldSize                                  = 70254592                                  {product} {ergonomic}
    uintx ProfiledCodeHeapSize                     = 122912730                              {pd product} {ergonomic}
    uintx ReservedCodeCacheSize                    = 251658240                              {pd product} {ergonomic}
     bool SegmentedCodeCache                       = true                                      {product} {ergonomic}
   size_t SoftMaxHeapSize                          = 2147483648                             {manageable} {ergonomic}
     bool UseCompressedOops                        = true                           {product lp64_product} {ergonomic}
     bool UseLargePagesIndividualAllocation        = false                                  {pd product} {ergonomic}
     bool UseParallelGC                            = true                                      {product} {command line}

Logging:
Log output configuration:
 #0: stdout all=off uptime,level,tags foldmultilines=false
 #1: stderr all=off uptime,level,tags foldmultilines=false

Release file:
JAVA_VERSION="21.0.9" 
MODULES="java.base java.compiler java.datatransfer java.xml java.prefs java.desktop java.instrument java.logging java.management java.security.sasl java.naming java.rmi java.management.rmi java.net.http java.scripting java.security.jgss java.transaction.xa java.sql java.sql.rowset java.xml.crypto java.se java.smartcardio jdk.accessibility jdk.internal.jvmstat jdk.attach jdk.charsets jdk.internal.opt jdk.zipfs jdk.compiler jdk.crypto.ec jdk.crypto.cryptoki jdk.crypto.mscapi jdk.dynalink jdk.internal.ed jdk.editpad jdk.hotspot.agent jdk.httpserver jdk.internal.le jdk.internal.vm.ci jdk.internal.vm.compiler jdk.internal.vm.compiler.management jdk.jartool jdk.javadoc jdk.jcmd jdk.management jdk.management.agent jdk.jconsole jdk.jdeps jdk.jdwp.agent jdk.jdi jdk.jfr jdk.jshell jdk.jsobject jdk.jstatd jdk.localedata jdk.management.jfr jdk.naming.dns jdk.naming.rmi jdk.net jdk.nio.mapmode jdk.random jdk.sctp jdk.security.auth jdk.security.jgss jdk.unsupported jdk.unsupported.desktop jdk.xml.dom" 

Environment Variables:
PATH=C:\Program Files\Common Files\Oracle\Java\javapath;D:\app\client\Administrator\product\19.0.0\client_1\bin;C:\Windows\system32;C:\Windows;C:\Windows\System32\Wbem;C:\Windows\System32\WindowsPowerShell\v1.0\;C:\Windows\System32\OpenSSH\;C:\Program Files\Git\cmd;C:\Program Files\Docker\Docker\resources\bin;C:\Program Files\Cloudflare\Cloudflare WARP\;C:\Program Files\MySQL\MySQL Shell 8.0\bin\;C:\Users\my\AppData\Local\Microsoft\WindowsApps;C:\Users\my\AppData\Local\Programs\Microsoft VS Code\bin
USERNAME=my
OS=Windows_NT
PROCESSOR_IDENTIFIER=Intel64 Family 6 Model 142 Stepping 10, GenuineIntel
TMP=C:\Users\my\AppData\Local\Temp
TEMP=C:\Users\my\AppData\Local\Temp




Periodic native trim disabled

---------------  S Y S T E M  ---------------

OS:
 Windows 10 , 64 bit Build 19041 (10.0.19041.5915)
OS uptime: 2 days 4:59 hours
Hyper-V role detected

CPU: total 4 (initial active 4) (2 cores per cpu, 2 threads per core) family 6 model 142 stepping 10 microcode 0xb4, cx8, cmov, fxsr, ht, mmx, 3dnowpref, sse, sse2, sse3, ssse3, sse4.1, sse4.2, popcnt, lzcnt, tsc, tscinvbit, avx, avx2, aes, erms, clmul, bmi1, bmi2, adx, fma, vzeroupper, clflush, clflushopt, hv, rdtscp, f16c
Processor Information for processor 0
  Max Mhz: 2300, Current Mhz: 2300, Mhz Limit: 2300
Processor Information for processor 1
  Max Mhz: 2300, Current Mhz: 1500, Mhz Limit: 2300
Processor Information for processor 2
  Max Mhz: 2300, Current Mhz: 1500, Mhz Limit: 2300
Processor Information for processor 3
  Max Mhz: 2300, Current Mhz: 1500, Mhz Limit: 2300

Memory: 4k page, system-wide physical 3928M (85M free)
TotalPageFile size 16216M (AvailPageFile size 7M)
current process WorkingSet (physical memory assigned to process): 56M, peak: 56M
current process commit charge ("private bytes"): 215M, peak: 216M

vm_info: OpenJDK 64-Bit Server VM (21.0.9+10-LTS) for windows-amd64 JRE (21.0.9+10-LTS), built on 2025-10-21T00:00:00Z by "admin" with unknown MS VC++:1942

END.
